2022-03-28 11:10:11,200 [Worker-2: Loading available Gradle versions] INFO  o.e.b.c.i.u.g.PublishedGradleVersions - Gradle version information cache is out-of-date. Trying to update.
2022-04-01 14:04:10,583 [Worker-5: Loading available Gradle versions] INFO  o.e.b.c.i.u.g.PublishedGradleVersions - Gradle version information cache is up-to-date. Trying to read.
2022-04-01 14:05:41,423 [Worker-2: Loading available Gradle versions] INFO  o.e.b.c.i.u.g.PublishedGradleVersions - Gradle version information cache is up-to-date. Trying to read.
2022-04-01 14:10:35,413 [Worker-2: Loading available Gradle versions] INFO  o.e.b.c.i.u.g.PublishedGradleVersions - Gradle version information cache is up-to-date. Trying to read.
2022-04-01 16:27:06,845 [Worker-4: Loading available Gradle versions] INFO  o.e.b.c.i.u.g.PublishedGradleVersions - Gradle version information cache is up-to-date. Trying to read.
2023-03-23 20:03:08,291 [Worker-7: Loading available Gradle versions] INFO  o.e.b.c.i.u.g.PublishedGradleVersions - Gradle version information cache is up-to-date. Trying to read.
2023-03-23 20:42:44,617 [Worker-5: Loading available Gradle versions] INFO  o.e.b.c.i.u.g.PublishedGradleVersions - Gradle version information cache is up-to-date. Trying to read.
2023-03-23 20:46:21,428 [Worker-16: Installing artifact] ERROR o.e.m.c.u.i.w.MavenInstallFileWizard - Execution error; org.apache.maven.lifecycle.LifecycleExecutionException: Failed to execute goal [32morg.apache.maven.plugins:maven-install-plugin:2.4:install-file[m [1m(default-cli)[m on project [36mstandalone-pom[m: [1;31mThe artifact information is incomplete or not valid:
  [0]  'groupId' is missing.
  [1]  'artifactId' is missing.
  [2]  'packaging' is missing.
[m
org.apache.maven.lifecycle.LifecycleExecutionException: Failed to execute goal [32morg.apache.maven.plugins:maven-install-plugin:2.4:install-file[m [1m(default-cli)[m on project [36mstandalone-pom[m: [1;31mThe artifact information is incomplete or not valid:
  [0]  'groupId' is missing.
  [1]  'artifactId' is missing.
  [2]  'packaging' is missing.
[m
	at org.apache.maven.lifecycle.internal.MojoExecutor.doExecute2(MojoExecutor.java:375) ~[na:na]
	at org.apache.maven.lifecycle.internal.MojoExecutor.doExecute(MojoExecutor.java:351) ~[na:na]
	at org.apache.maven.lifecycle.internal.MojoExecutor.execute(MojoExecutor.java:215) ~[na:na]
	at org.apache.maven.lifecycle.internal.MojoExecutor.execute(MojoExecutor.java:171) ~[na:na]
	at org.apache.maven.lifecycle.internal.MojoExecutor.execute(MojoExecutor.java:163) ~[na:na]
	at org.apache.maven.lifecycle.internal.LifecycleModuleBuilder.buildProject(LifecycleModuleBuilder.java:117) ~[na:na]
	at org.apache.maven.lifecycle.internal.LifecycleModuleBuilder.buildProject(LifecycleModuleBuilder.java:81) ~[na:na]
	at org.apache.maven.lifecycle.internal.builder.singlethreaded.SingleThreadedBuilder.build(SingleThreadedBuilder.java:56) ~[na:na]
	at org.apache.maven.lifecycle.internal.LifecycleStarter.execute(LifecycleStarter.java:128) ~[na:na]
	at org.apache.maven.DefaultMaven.doExecute(DefaultMaven.java:294) ~[na:na]
	at org.apache.maven.DefaultMaven.doExecute(DefaultMaven.java:192) ~[na:na]
	at org.apache.maven.DefaultMaven.execute(DefaultMaven.java:105) ~[na:na]
	at org.eclipse.m2e.core.internal.embedder.MavenExecutionContext.lambda$1(MavenExecutionContext.java:293) ~[na:na]
	at org.eclipse.m2e.core.internal.embedder.MavenExecutionContext.executeBare(MavenExecutionContext.java:350) ~[na:na]
	at org.eclipse.m2e.core.internal.embedder.MavenExecutionContext.execute(MavenExecutionContext.java:262) ~[na:na]
	at org.eclipse.m2e.core.internal.embedder.MavenExecutionContext.execute(MavenExecutionContext.java:205) ~[na:na]
	at org.eclipse.m2e.core.internal.embedder.MavenExecutionContext.execute(MavenExecutionContext.java:286) ~[na:na]
	at org.eclipse.m2e.core.ui.internal.wizards.MavenInstallFileWizard.lambda$0(MavenInstallFileWizard.java:105) ~[org.eclipse.m2e.core.ui_2.0.0.20220726-0935.jar:na]
	at org.eclipse.core.runtime.jobs.Job$1.run(Job.java:166) ~[org.eclipse.core.jobs_3.13.100.v20220817-1539.jar:na]
	at org.eclipse.core.internal.jobs.Worker.run(Worker.java:63) ~[org.eclipse.core.jobs_3.13.100.v20220817-1539.jar:na]
Caused by: org.apache.maven.plugin.MojoExecutionException: The artifact information is incomplete or not valid:
  [0]  'groupId' is missing.
  [1]  'artifactId' is missing.
  [2]  'packaging' is missing.

	at org.apache.maven.plugin.install.InstallFileMojo.validateArtifactInformation(InstallFileMojo.java:386) ~[na:na]
	at org.apache.maven.plugin.install.InstallFileMojo.execute(InstallFileMojo.java:207) ~[na:na]
	at org.apache.maven.plugin.DefaultBuildPluginManager.executeMojo(DefaultBuildPluginManager.java:137) ~[na:na]
	at org.apache.maven.lifecycle.internal.MojoExecutor.doExecute2(MojoExecutor.java:370) ~[na:na]
	... 19 common frames omitted
2023-03-23 20:48:45,594 [Worker-9: Loading available Gradle versions] INFO  o.e.b.c.i.u.g.PublishedGradleVersions - Gradle version information cache is up-to-date. Trying to read.
2023-03-23 20:53:33,282 [Worker-9: Loading available Gradle versions] INFO  o.e.b.c.i.u.g.PublishedGradleVersions - Gradle version information cache is up-to-date. Trying to read.
2023-03-23 20:53:52,511 [Worker-9: Loading available Gradle versions] INFO  o.e.b.c.i.u.g.PublishedGradleVersions - Gradle version information cache is up-to-date. Trying to read.
2023-03-23 21:01:01,643 [Worker-9: Loading available Gradle versions] INFO  o.e.b.c.i.u.g.PublishedGradleVersions - Gradle version information cache is up-to-date. Trying to read.
